# Server version 0.08 running on ASUS-K501UX:8123
# Game ID: 35
# Board class: pentago_swap.PentagoBoard
# Timeout: 2000
# First Move Timeout: 30000
# Date: Wed Apr 10 22:54:18 EDT 2019
# Player 1: Player-0, '260663521', running on ASUS-K501UX
# Player 2: Player-1, 'RandomPlayer', running on ASUS-K501UX
START Player-0 260663521
START Player-1 RandomPlayer
5 2 TR BR 0
0 1 TR BR 1
1 2 TR BL 0
3 3 TL TR 1
0 5 BL BR 0
2 0 BL BR 1
3 2 TL BR 0
3 4 TL BL 1
3 3 TL BR 0
5 4 BL BR 1
5 2 TL BL 0
3 5 TL TR 1
1 5 TL BR 0
GAMEOVER WINNER 0
# Game ended: Wed Apr 10 22:54:21 EDT 2019
