# Server version 0.08 running on ASUS-K501UX:8123
# Game ID: 6
# Board class: pentago_swap.PentagoBoard
# Timeout: 2000
# First Move Timeout: 30000
# Date: Fri Mar 29 15:56:03 EDT 2019
# Player 1: Player-0, 'Human', running on ASUS-K501UX
# Player 2: Player-1, 'Human', running on ASUS-K501UX
START Player-0 Human
START Player-1 Human
2 0 TL BR 0
3 1 BR TL 1
2 5 BL BR 0
4 4 TR BR 1
5 3 BL TR 0
2 1 TL BL 1
2 1 BL TR 0
1 4 BR TR 1
2 2 TR BL 0
4 3 BL BR 1
5 4 TR BR 0
GAMEOVER WINNER 0
# Game ended: Fri Mar 29 15:57:48 EDT 2019
