# Server version 0.08 running on ASUS-K501UX:8123
# Game ID: 44
# Board class: pentago_swap.PentagoBoard
# Timeout: 2000
# First Move Timeout: 30000
# Date: Thu Apr 11 19:07:17 EDT 2019
# Player 1: Player-0, '260663521', running on ASUS-K501UX
# Player 2: Player-1, 'RandomPlayer', running on ASUS-K501UX
START Player-0 260663521
START Player-1 RandomPlayer
5 2 TR BR 0
0 1 TR BR 1
4 2 TR BR 0
3 1 TL TR 1
0 5 TL BR 0
1 5 BL BR 1
2 3 TL BL 0
3 3 TL BL 1
4 1 TL BR 0
5 4 BL BR 1
4 3 TR BR 0
3 2 TL TR 1
5 4 BL BR 0
1 2 BL BR 1
5 0 TL TR 0
4 4 TR BR 1
0 3 TL BL 0
1 3 TL BR 1
3 4 TL BL 0
4 4 TR BR 1
0 2 TL TR 0
2 4 TL TR 1
0 3 TL TR 0
3 1 TR BR 1
1 0 TL TR 0
5 1 BL BR 1
1 5 TL TR 0
3 3 TR BR 1
0 5 TL TR 0
4 0 TL BL 1
1 1 TL TR 0
2 2 TL TR 1
2 0 TL TR 0
GAMEOVER WINNER 0
# Game ended: Thu Apr 11 19:07:20 EDT 2019
