# Server version 0.08 running on ASUS-K501UX:8123
# Game ID: 9
# Board class: pentago_swap.PentagoBoard
# Timeout: 2000
# First Move Timeout: 30000
# Date: Wed Apr 10 22:42:39 EDT 2019
# Player 1: Player-0, '260663521', running on ASUS-K501UX
# Player 2: Player-1, 'RandomPlayer', running on ASUS-K501UX
START Player-0 260663521
START Player-1 RandomPlayer
5 2 TR BR 0
0 1 TR BR 1
4 5 TR BL 0
3 2 TL TR 1
0 1 TL BL 0
1 5 BL BR 1
2 4 TL BL 0
3 5 TL BL 1
2 0 BL BR 0
5 4 BL BR 1
1 4 TR BR 0
3 1 TL TR 1
1 4 TR BL 0
1 1 BL BR 1
3 2 BL BR 0
5 2 TR BR 1
4 4 TR BL 0
1 3 TL BR 1
4 5 TL TR 0
4 0 TR BR 1
2 4 TL BL 0
3 1 TL TR 1
3 3 TL BL 0
3 5 TR BR 1
3 0 TL BL 0
5 1 BL BR 1
1 3 TR BR 0
1 5 TR BR 1
3 0 TR BR 0
5 0 TL BL 1
0 3 TL BR 0
2 0 TL TR 1
GAMEOVER WINNER 1
# Game ended: Wed Apr 10 22:42:40 EDT 2019
