# Server version 0.08 running on ASUS-K501UX:8123
# Game ID: 43
# Board class: pentago_swap.PentagoBoard
# Timeout: 2000
# First Move Timeout: 30000
# Date: Thu Apr 11 19:07:08 EDT 2019
# Player 1: Player-0, 'RandomPlayer', running on ASUS-K501UX
# Player 2: Player-1, '260663521', running on ASUS-K501UX
START Player-0 RandomPlayer
START Player-1 260663521
5 2 TR BR 0
0 1 TR BR 1
0 4 TL TR 0
1 3 TR BL 1
4 1 BL BR 0
0 5 BL BR 1
2 0 TL BL 0
5 5 TR BL 1
5 1 BL BR 0
4 5 TL TR 1
2 1 TL TR 0
0 0 TL BL 1
0 0 BL BR 0
0 1 TL TR 1
5 0 TR BR 0
0 0 TL TR 1
1 5 TL BR 0
0 2 TL TR 1
5 3 TR BR 0
0 2 TL TR 1
4 5 TL TR 0
0 5 TL TR 1
4 4 TR BR 0
GAMEOVER WINNER 0
# Game ended: Thu Apr 11 19:07:11 EDT 2019
