# Server version 0.08 running on ASUS-K501UX:8123
# Game ID: 46
# Board class: pentago_swap.PentagoBoard
# Timeout: 2000
# First Move Timeout: 30000
# Date: Thu Apr 11 19:07:34 EDT 2019
# Player 1: Player-0, '260663521', running on ASUS-K501UX
# Player 2: Player-1, '260663521', running on ASUS-K501UX
START Player-0 260663521
START Player-1 260663521
5 2 TR BR 0
0 1 TR BR 1
3 5 TR BL 0
5 4 TL BR 1
2 4 BL BR 0
2 2 TR BR 1
0 3 TL BR 0
4 3 TL BR 1
0 0 TL BL 0
3 5 TL BR 1
2 4 TL BL 0
0 4 TL BR 1
1 4 TL TR 0
5 3 TL BR 1
0 5 TL BR 0
2 5 TL BL 1
0 0 TL TR 0
0 0 TL TR 1
0 1 TL TR 0
1 0 TL TR 1
1 0 TL TR 0
1 1 TL TR 1
1 1 TL TR 0
1 2 TL TR 1
1 2 TL TR 0
2 0 TL TR 1
2 0 TL TR 0
2 1 TL TR 1
3 2 TL TR 0
3 4 TL TR 1
4 0 TL TR 0
4 2 TL BL 1
GAMEOVER WINNER 1
# Game ended: Thu Apr 11 19:07:40 EDT 2019
