# Server version 0.08 running on ASUS-K501UX:8123
# Game ID: 29
# Board class: pentago_swap.PentagoBoard
# Timeout: 2000
# First Move Timeout: 30000
# Date: Wed Apr 10 22:53:39 EDT 2019
# Player 1: Player-0, 'RandomPlayer', running on ASUS-K501UX
# Player 2: Player-1, '260663521', running on ASUS-K501UX
START Player-0 RandomPlayer
START Player-1 260663521
5 2 TR BR 0
0 1 TR BR 1
0 4 TL TR 0
4 3 TL TR 1
3 5 BL BR 0
2 2 TL BR 1
1 5 TL BL 0
4 4 TL BL 1
5 2 BL BR 0
4 4 TR BR 1
1 5 TL TR 0
0 0 TL TR 1
0 0 BL BR 0
0 1 TL TR 1
5 1 TR BR 0
0 1 TL TR 1
2 1 TL BR 0
0 2 TL TR 1
5 0 TR BR 0
0 3 TL TR 1
5 2 TL TR 0
0 5 TL TR 1
GAMEOVER WINNER 1
# Game ended: Wed Apr 10 22:53:42 EDT 2019
