# Server version 0.08 running on ASUS-K501UX:8123
# Game ID: 26
# Board class: pentago_swap.PentagoBoard
# Timeout: 2000
# First Move Timeout: 30000
# Date: Wed Apr 10 22:51:54 EDT 2019
# Player 1: Player-0, '260663521', running on ASUS-K501UX
# Player 2: Player-1, '260663521', running on ASUS-K501UX
START Player-0 260663521
START Player-1 260663521
5 2 TR BR 0
0 1 TR BR 1
2 3 TL TR 0
4 3 BL BR 1
3 3 BL BR 0
3 3 TR BL 1
4 1 TL TR 0
3 2 TL TR 1
5 5 BL BR 0
3 2 BL BR 1
0 0 TL TR 0
3 4 TL TR 1
GAMEOVER WINNER 1
# Game ended: Wed Apr 10 22:51:57 EDT 2019
