# Server version 0.08 running on ASUS-K501UX:8123
# Game ID: 51
# Board class: pentago_swap.PentagoBoard
# Timeout: 2000
# First Move Timeout: 30000
# Date: Thu Apr 11 20:27:45 EDT 2019
# Player 1: Player-0, '260663521', running on ASUS-K501UX
# Player 2: Player-1, '260663521', running on ASUS-K501UX
START Player-0 260663521
START Player-1 260663521
5 2 TR BR 0
0 1 TR BR 1
5 5 TL TR 0
0 1 TL TR 1
0 5 TL TR 0
4 1 TR BR 1
3 3 TR BL 0
2 1 BL BR 1
3 3 TR BL 0
4 5 TR BL 1
3 5 TL TR 0
4 2 TL BL 1
GAMEOVER USER CANCEL UNDECIDED
# Game ended: Thu Apr 11 20:27:49 EDT 2019
