# Server version 0.08 running on ASUS-K501UX:8123
# Game ID: 11
# Board class: pentago_swap.PentagoBoard
# Timeout: 2000
# First Move Timeout: 30000
# Date: Wed Apr 10 22:42:56 EDT 2019
# Player 1: Player-0, '260663521', running on ASUS-K501UX
# Player 2: Player-1, 'RandomPlayer', running on ASUS-K501UX
START Player-0 260663521
START Player-1 RandomPlayer
5 2 TR BR 0
0 1 TR BR 1
5 3 TR BR 0
3 2 TL TR 1
5 3 TL BR 0
1 4 BL BR 1
3 1 TR BL 0
3 3 TL BL 1
0 2 TR BR 0
5 4 BL BR 1
0 4 BL BR 0
3 3 TL TR 1
2 0 BL BR 0
1 3 BL BR 1
3 5 TL BL 0
4 5 TR BR 1
1 1 TL BR 0
2 1 TL BR 1
1 2 TR BL 0
4 0 TR BR 1
1 0 TL BL 0
3 1 TL TR 1
2 0 TR BL 0
4 1 TR BR 1
1 5 TL BL 0
GAMEOVER WINNER 1
# Game ended: Wed Apr 10 22:42:57 EDT 2019
