# Server version 0.08 running on ASUS-K501UX:8123
# Game ID: 16
# Board class: pentago_swap.PentagoBoard
# Timeout: 2000
# First Move Timeout: 30000
# Date: Wed Apr 10 22:46:27 EDT 2019
# Player 1: Player-0, 'RandomPlayer', running on ASUS-K501UX
# Player 2: Player-1, '260663521', running on ASUS-K501UX
START Player-0 RandomPlayer
START Player-1 260663521
5 2 TR BR 0
0 1 TR BR 1
0 4 TL TR 0
2 2 BL BR 1
4 0 BL BR 0
3 0 TL BR 1
2 0 TL BL 0
4 2 BL BR 1
5 1 BL BR 0
0 2 BL BR 1
1 5 TL TR 0
5 0 TL BR 1
0 0 BL BR 0
1 4 TR BL 1
4 4 TR BR 0
1 5 TL TR 1
1 4 TL BR 0
5 1 TL BL 1
5 0 TR BR 0
1 0 TL BR 1
5 1 TL TR 0
2 4 TR BL 1
4 5 TR BR 0
5 5 BL BR 1
2 3 BL BR 0
1 0 TL BL 1
0 4 TR BR 0
0 1 TL BR 1
0 5 TL BL 0
0 2 BL BR 1
3 2 TL TR 0
0 0 TL BR 1
4 3 TL BR 0
GAMEOVER WINNER 0
# Game ended: Wed Apr 10 22:46:28 EDT 2019
