# Server version 0.08 running on ASUS-K501UX:8123
# Game ID: 41
# Board class: pentago_swap.PentagoBoard
# Timeout: 2000
# First Move Timeout: 30000
# Date: Thu Apr 11 19:06:49 EDT 2019
# Player 1: Player-0, '260663521', running on ASUS-K501UX
# Player 2: Player-1, 'RandomPlayer', running on ASUS-K501UX
START Player-0 260663521
START Player-1 RandomPlayer
5 2 TR BR 0
0 1 TR BR 1
0 2 TR BL 0
3 3 TL TR 1
5 2 TR BL 0
1 3 BL BR 1
2 4 TL TR 0
4 0 TL BL 1
4 4 TL BL 0
5 4 BL BR 1
5 5 TR BR 0
3 4 TL TR 1
0 4 TR BR 0
1 1 BL BR 1
1 3 TL TR 0
5 0 TR BR 1
0 0 TL TR 0
1 5 TL BR 1
0 1 TL TR 0
4 1 TR BR 1
0 2 TL TR 0
2 4 TL TR 1
0 3 TL TR 0
3 2 TR BR 1
0 5 TL TR 0
4 2 BL BR 1
1 2 TL TR 0
2 0 TR BR 1
0 3 TL TR 0
4 1 TL BL 1
GAMEOVER WINNER 1
# Game ended: Thu Apr 11 19:06:53 EDT 2019
