# Server version 0.08 running on ASUS-K501UX:8123
# Game ID: 2
# Board class: pentago_swap.PentagoBoard
# Timeout: 2000
# First Move Timeout: 30000
# Date: Fri Mar 29 15:23:55 EDT 2019
# Player 1: Player-0, 'RandomPlayer', running on ASUS-K501UX
# Player 2: Player-1, 'Human', running on ASUS-K501UX
START Player-0 RandomPlayer
START Player-1 Human
5 2 TR BR 0
4 2 BR TL 1
0 3 TL TR 0
5 3 TR BL 1
4 0 BL BR 0
4 2 BR TL 1
2 0 TL BL 0
4 3 BR TR 1
5 2 BL BR 0
3 2 BR TR 1
1 4 TL TR 0
3 4 TL BR 1
0 2 BL BR 0
5 1 BR TL 1
4 5 TR BR 0
4 2 TL BR 1
1 4 TL BR 0
4 3 TL BR 1
4 4 TR BR 0
1 3 TL BL 1
5 3 TL TR 0
3 0 BL TR 1
3 2 TR BR 0
GAMEOVER WINNER 0
# Game ended: Fri Mar 29 15:25:30 EDT 2019
