# Server version 0.08 running on ASUS-K501UX:8123
# Game ID: 25
# Board class: pentago_swap.PentagoBoard
# Timeout: 2000
# First Move Timeout: 30000
# Date: Wed Apr 10 22:51:43 EDT 2019
# Player 1: Player-0, '260663521', running on ASUS-K501UX
# Player 2: Player-1, 'RandomPlayer', running on ASUS-K501UX
START Player-0 260663521
START Player-1 RandomPlayer
5 2 TR BR 0
0 1 TR BR 1
2 0 TR BL 0
3 3 TL TR 1
5 2 TL BR 0
1 5 BL BR 1
2 4 TL TR 0
3 4 TL BL 1
3 2 TR BL 0
5 3 BL BR 1
4 3 TL TR 0
3 4 TL TR 1
0 0 TL TR 0
1 1 BL BR 1
0 0 TR BL 0
5 0 TR BR 1
0 3 TL TR 0
2 1 TL BR 1
0 2 TL TR 0
4 1 TR BR 1
0 5 TL TR 0
4 0 TL TR 1
1 0 TL TR 0
4 4 TR BR 1
1 0 TL TR 0
4 2 BL BR 1
GAMEOVER WINNER 1
# Game ended: Wed Apr 10 22:51:47 EDT 2019
