# Server version 0.08 running on ASUS-K501UX:8123
# Game ID: 30
# Board class: pentago_swap.PentagoBoard
# Timeout: 2000
# First Move Timeout: 30000
# Date: Wed Apr 10 22:53:46 EDT 2019
# Player 1: Player-0, '260663521', running on ASUS-K501UX
# Player 2: Player-1, 'RandomPlayer', running on ASUS-K501UX
START Player-0 260663521
START Player-1 RandomPlayer
5 2 TR BR 0
0 1 TR BR 1
4 4 TL BR 0
3 1 TL TR 1
1 1 TL BR 0
1 5 BL BR 1
5 1 TL BR 0
3 3 TL BL 1
0 1 TL BL 0
5 4 BL BR 1
0 4 TR BR 0
GAMEOVER WINNER 0
# Game ended: Wed Apr 10 22:53:48 EDT 2019
