# Server version 0.08 running on ASUS-K501UX:8123
# Game ID: 16
# Board class: pentago_swap.PentagoBoard
# Timeout: 2000
# First Move Timeout: 30000
# Date: Wed Apr 10 22:36:49 EDT 2019
# Player 1: Player-0, 'RandomPlayer', running on ASUS-K501UX
# Player 2: Player-1, '260663521', running on ASUS-K501UX
START Player-0 RandomPlayer
START Player-1 260663521
5 2 TR BR 0
0 1 TR BR 1
0 4 TL TR 0
1 2 BL BR 1
4 0 BL BR 0
3 2 TR BL 1
2 1 TL BL 0
1 2 TR BL 1
5 3 BL BR 0
0 2 TL BR 1
1 4 TL TR 0
5 4 BL BR 1
0 0 BL BR 0
5 1 TL TR 1
4 4 TR BR 0
2 5 BL BR 1
1 2 TL BR 0
5 0 TR BL 1
5 0 TR BR 0
3 5 TL BR 1
4 4 TL TR 0
1 1 TL BR 1
4 3 TR BR 0
0 1 BL BR 1
1 2 BL BR 0
0 3 TR BL 1
GAMEOVER WINNER 1
# Game ended: Wed Apr 10 22:36:49 EDT 2019
