# Server version 0.08 running on ASUS-K501UX:8123
# Game ID: 13
# Board class: pentago_swap.PentagoBoard
# Timeout: 2000
# First Move Timeout: 30000
# Date: Wed Apr 10 22:29:29 EDT 2019
# Player 1: Player-0, '260663521', running on ASUS-K501UX
# Player 2: Player-1, 'RandomPlayer', running on ASUS-K501UX
START Player-0 260663521
START Player-1 RandomPlayer
5 2 TR BR 0
0 1 TR BR 1
3 2 TL TR 0
3 1 TL TR 1
4 0 TL TR 0
1 4 BL BR 1
5 2 TL TR 0
3 1 TL BL 1
1 4 TR BL 0
5 3 BL BR 1
4 5 TL TR 0
3 0 TL TR 1
0 0 TL TR 0
1 2 BL BR 1
1 4 TL BL 0
5 1 TR BR 1
1 5 TR BR 0
1 3 TL BR 1
3 3 TL TR 0
GAMEOVER WINNER 0
# Game ended: Wed Apr 10 22:29:30 EDT 2019
