# Server version 0.08 running on ASUS-K501UX:8123
# Game ID: 12
# Board class: pentago_swap.PentagoBoard
# Timeout: 2000
# First Move Timeout: 30000
# Date: Wed Apr 10 22:29:24 EDT 2019
# Player 1: Player-0, '260663521', running on ASUS-K501UX
# Player 2: Player-1, 'RandomPlayer', running on ASUS-K501UX
START Player-0 260663521
START Player-1 RandomPlayer
5 2 TR BR 0
0 1 TR BR 1
4 2 TL BR 0
3 0 TL TR 1
5 3 TR BL 0
1 4 BL BR 1
3 4 TR BR 0
3 0 TL BL 1
4 3 BL BR 0
5 4 BL BR 1
2 2 BL BR 0
3 2 TL TR 1
5 3 TR BR 0
0 5 BL BR 1
3 4 TR BR 0
4 5 TR BR 1
1 2 TL BR 0
GAMEOVER WINNER 0
# Game ended: Wed Apr 10 22:29:25 EDT 2019
