# Server version 0.08 running on ASUS-K501UX:8123
# Game ID: 6
# Board class: pentago_swap.PentagoBoard
# Timeout: 2000
# First Move Timeout: 30000
# Date: Wed Apr 10 22:23:42 EDT 2019
# Player 1: Player-0, '260663521', running on ASUS-K501UX
# Player 2: Player-1, 'RandomPlayer', running on ASUS-K501UX
START Player-0 260663521
START Player-1 RandomPlayer
5 2 TR BR 0
0 1 TR BR 1
1 1 TR BR 0
3 2 TL TR 1
2 1 BL BR 0
1 5 BL BR 1
2 2 BL BR 0
3 4 TL BL 1
2 5 BL BR 0
5 1 BL BR 1
4 4 TL BL 0
3 2 TL TR 1
0 0 TL TR 0
1 0 BL BR 1
0 0 TL TR 0
5 3 TR BR 1
0 2 TL TR 0
1 3 TL BR 1
0 1 TL TR 0
4 3 TR BR 1
0 3 TL TR 0
3 0 TL TR 1
0 4 TL TR 0
4 0 TR BR 1
0 5 TL TR 0
GAMEOVER WINNER 0
# Game ended: Wed Apr 10 22:23:46 EDT 2019
