# Server version 0.08 running on ASUS-K501UX:8123
# Game ID: 15
# Board class: pentago_swap.PentagoBoard
# Timeout: 2000
# First Move Timeout: 30000
# Date: Wed Apr 10 22:36:43 EDT 2019
# Player 1: Player-0, '260663521', running on ASUS-K501UX
# Player 2: Player-1, 'RandomPlayer', running on ASUS-K501UX
START Player-0 260663521
START Player-1 RandomPlayer
5 2 TR BR 0
0 1 TR BR 1
4 3 TL TR 0
3 1 TL TR 1
0 4 TL BL 0
1 5 BL BR 1
0 3 BL BR 0
3 5 TL BL 1
5 3 TL TR 0
5 4 BL BR 1
1 1 TL TR 0
3 1 TL TR 1
1 0 TL BL 0
1 2 BL BR 1
0 0 TL TR 0
GAMEOVER WINNER 0
# Game ended: Wed Apr 10 22:36:43 EDT 2019
